Build started 2015/02/06 2:42:58.
     1>Project "C:\Users\luke\Desktop\MineSweeper\dcpu16\dcpu-16-Win32\dcpu-16-Win32.vcxproj" on node 2 (Build target(s)).
     1>ClCompile:
         C:\Program Files (x86)\Microsoft Visual Studio 12.0\VC\bin\CL.exe /c /I"C:\Program Files (x86)\boost\boost_1_49_0" /Zi /nologo /W3 /WX- /O2 /Oi /Oy- /GL /D WIN32 /D NDEBUG /D _WINDOWS /D _UNICODE /D UNICODE /Gm- /EHsc /MD /GS /Gy /fp:precise /Zc:wchar_t /Zc:forScope /Fo"Release\\" /Fd"Release\vc120.pdb" /Gd /TP /analyze- /errorReport:prompt "dcpu-16.cpp"
         dcpu-16.cpp
     1>dcpu-16.cpp(240): warning C4333: '>>' : right shift by too large amount, data loss
       Link:
         C:\Program Files (x86)\Microsoft Visual Studio 12.0\VC\bin\link.exe /ERRORREPORT:PROMPT /OUT:"C:\Users\luke\Desktop\MineSweeper\dcpu16\Release\dcpu-16-Win32.exe" /INCREMENTAL:NO /NOLOGO SDL.lib SDLmain.lib kernel32.lib user32.lib gdi32.lib winspool.lib comdlg32.lib advapi32.lib shell32.lib ole32.lib oleaut32.lib uuid.lib odbc32.lib odbccp32.lib /MANIFEST /MANIFESTUAC:"level='asInvoker' uiAccess='false'" /manifest:embed /DEBUG /PDB:"C:\Users\luke\Desktop\MineSweeper\dcpu16\Release\dcpu-16-Win32.pdb" /SUBSYSTEM:CONSOLE /OPT:REF /OPT:ICF /LTCG /TLBID:1 /DYNAMICBASE /NXCOMPAT /IMPLIB:"C:\Users\luke\Desktop\MineSweeper\dcpu16\Release\dcpu-16-Win32.lib" /MACHINE:X86 /SAFESEH "Release\dcpu-16-Win32.res"
         Release\clock.obj
         "Release\dcpu-16.obj"
         Release\hardware.obj
         Release\keyboard.obj
         Release\monitor.obj
         Release\SDL_rotozoom.obj
         Release\stdafx.obj
         Release\computer.obj
         Generating code
         Finished generating code
     1>SDLmain.lib(SDL_win32_main.obj) : warning LNK4099: PDB 'vc120.pdb' was not found with 'SDLmain.lib(SDL_win32_main.obj)' or at 'C:\Users\luke\Desktop\MineSweeper\dcpu16\Release\vc120.pdb'; linking object as if no debug info
         dcpu-16-Win32.vcxproj -> C:\Users\luke\Desktop\MineSweeper\dcpu16\Release\dcpu-16-Win32.exe
     1>Done Building Project "C:\Users\luke\Desktop\MineSweeper\dcpu16\dcpu-16-Win32\dcpu-16-Win32.vcxproj" (Build target(s)).

Build succeeded.

Time Elapsed 00:00:01.06
